<?xml version="1.0" encoding="UTF-8"?>
<!-- Generated by org.testng.reporters.JUnitXMLReporter -->
<testsuite hostname="NAVEEN" ignored="0" name="Test" tests="4" failures="0" timestamp="2021-05-18T12:52:48 IST" time="28.142" errors="0">
  <testcase name="basePageNavigation" time="0.165" classname="academy.ValidateContactBar"/>
  <testcase name="basePageNavigation" time="6.6" classname="academy.Homepage"/>
  <testcase name="basePageNavigation" time="4.467" classname="academy.Homepage"/>
  <testcase name="basePageNavigation" time="0.066" classname="academy.ValidateTitle"/>
</testsuite> <!-- Test -->
